<?xml version="1.0" encoding="UTF-8"?>
<!-- Generated by org.testng.reporters.JUnitXMLReporter -->
<testsuite ignored="0" hostname="SrikanthS" failures="0" tests="3" name="Submit Order Test" time="28.681" errors="0" timestamp="2024-07-08T14:49:29 BST">
  <testcase classname="Ecommerce.SeleniumFrameworkDesign.tests.SubmitOrderTest" name="submitbutton" time="4.292"/>
  <testcase classname="Ecommerce.SeleniumFrameworkDesign.tests.SubmitOrderTest" name="submitbutton" time="3.911"/>
  <testcase classname="Ecommerce.SeleniumFrameworkDesign.tests.SubmitOrderTest" name="OrderHistoryTest" time="0.946"/>
</testsuite> <!-- Submit Order Test -->
