<?xml version="1.0" encoding="UTF-8"?>
<!-- Generated by org.testng.reporters.JUnitXMLReporter -->
<testsuite ignored="2" hostname="SrikanthS" failures="0" tests="0" time="0.014" errors="0" timestamp="2024-07-08T20:05:30 BST">
  <testcase classname="Ecommerce.SeleniumFrameworkDesign.tests.SubmitOrderTest" name="OrderHistoryTest" time="0.0">
    <ignored/>
  </testcase> <!-- OrderHistoryTest -->
  <testcase classname="Ecommerce.SeleniumFrameworkDesign.tests.SubmitOrderTest" name="submitbutton" time="0.0">
    <ignored/>
  </testcase> <!-- submitbutton -->
</testsuite>
